<?xml version="1.0" encoding="UTF-8"?>
<testsuite hostname="taoyunkundeMacBook-Pro.local" name="org.b3log.solo.service.ArticleMgmtServiceTestCase" tests="72" failures="0" timestamp="22 Apr 2018 09:59:22 GMT" time="14.162" errors="0">
  <testcase name="init" time="0.497" classname="org.b3log.solo.service.ArticleMgmtServiceTestCase"/>
  <testcase name="addArticle" time="0.439" classname="org.b3log.solo.service.ArticleMgmtServiceTestCase"/>
  <testcase name="addArticleWithoutPermalink" time="0.268" classname="org.b3log.solo.service.ArticleMgmtServiceTestCase"/>
  <testcase name="cancelPublishArticle" time="0.278" classname="org.b3log.solo.service.ArticleMgmtServiceTestCase"/>
  <testcase name="removeArticle" time="0.266" classname="org.b3log.solo.service.ArticleMgmtServiceTestCase"/>
  <testcase name="topArticle" time="0.002" classname="org.b3log.solo.service.ArticleMgmtServiceTestCase"/>
  <testcase name="updateArticle" time="0.273" classname="org.b3log.solo.service.ArticleMgmtServiceTestCase"/>
  <testcase name="updateArticlesRandomValue" time="0.003" classname="org.b3log.solo.service.ArticleMgmtServiceTestCase"/>
  <testcase name="init" time="0.487" classname="org.b3log.solo.service.ArticleQueryServiceTestCase"/>
  <testcase name="getArticlesByArchiveDate" time="0.001" classname="org.b3log.solo.service.ArticleQueryServiceTestCase"/>
  <testcase name="getArticlesByTag" time="0.001" classname="org.b3log.solo.service.ArticleQueryServiceTestCase"/>
  <testcase name="getRecentArticles" time="0.001" classname="org.b3log.solo.service.ArticleQueryServiceTestCase"/>
  <testcase name="getArticle" time="0.002" classname="org.b3log.solo.service.ArticleQueryServiceTestCase"/>
  <testcase name="getArticleById" time="0.001" classname="org.b3log.solo.service.ArticleQueryServiceTestCase"/>
  <testcase name="getArticleContent" time="0.004" classname="org.b3log.solo.service.ArticleQueryServiceTestCase"/>
  <testcase name="searchKeyword" time="0.002" classname="org.b3log.solo.service.ArticleQueryServiceTestCase"/>
  <testcase name="init" time="0.476" classname="org.b3log.solo.service.CategoryMgmtServiceTestCase"/>
  <testcase name="addCategory" time="0.054" classname="org.b3log.solo.service.CategoryMgmtServiceTestCase"/>
  <testcase name="changeOrder" time="0.055" classname="org.b3log.solo.service.CategoryMgmtServiceTestCase"/>
  <testcase name="removeCategory" time="0.053" classname="org.b3log.solo.service.CategoryMgmtServiceTestCase"/>
  <testcase name="updateCategory" time="0.057" classname="org.b3log.solo.service.CategoryMgmtServiceTestCase"/>
  <testcase name="init" time="0.485" classname="org.b3log.solo.service.CategoryQueryServiceTestCase"/>
  <testcase name="addCategory" time="0.055" classname="org.b3log.solo.service.CategoryQueryServiceTestCase"/>
  <testcase name="getCategories" time="0.001" classname="org.b3log.solo.service.CategoryQueryServiceTestCase"/>
  <testcase name="init" time="0.493" classname="org.b3log.solo.service.CommentMgmtServiceTestCase"/>
  <testcase name="addArticleComment" time="2.072" classname="org.b3log.solo.service.CommentMgmtServiceTestCase"/>
  <testcase name="addPageComment" time="2.124" classname="org.b3log.solo.service.CommentMgmtServiceTestCase"/>
  <testcase name="init" time="0.494" classname="org.b3log.solo.service.CommentQueryServiceTestCase"/>
  <testcase name="getComments" time="0.009" classname="org.b3log.solo.service.CommentQueryServiceTestCase"/>
  <testcase name="getCommentsOnId" time="0.004" classname="org.b3log.solo.service.CommentQueryServiceTestCase"/>
  <testcase name="init" time="0.492" classname="org.b3log.solo.service.LinkMgmtServiceTestCase"/>
  <testcase name="addLink" time="0.056" classname="org.b3log.solo.service.LinkMgmtServiceTestCase"/>
  <testcase name="changeOrder" time="0.053" classname="org.b3log.solo.service.LinkMgmtServiceTestCase"/>
  <testcase name="removeLink" time="0.053" classname="org.b3log.solo.service.LinkMgmtServiceTestCase"/>
  <testcase name="updateLink" time="0.054" classname="org.b3log.solo.service.LinkMgmtServiceTestCase"/>
  <testcase name="init" time="0.494" classname="org.b3log.solo.service.LinkQueryServiceTestCase"/>
  <testcase name="addLink" time="0.056" classname="org.b3log.solo.service.LinkQueryServiceTestCase"/>
  <testcase name="getLinks" time="0.0" classname="org.b3log.solo.service.LinkQueryServiceTestCase"/>
  <testcase name="init" time="0.489" classname="org.b3log.solo.service.PageMgmtServiceTestCase"/>
  <testcase name="addPage" time="0.06" classname="org.b3log.solo.service.PageMgmtServiceTestCase"/>
  <testcase name="changeOrder" time="0.057" classname="org.b3log.solo.service.PageMgmtServiceTestCase"/>
  <testcase name="removePage" time="0.057" classname="org.b3log.solo.service.PageMgmtServiceTestCase"/>
  <testcase name="updatePage" time="0.056" classname="org.b3log.solo.service.PageMgmtServiceTestCase"/>
  <testcase name="init" time="0.481" classname="org.b3log.solo.service.PageQueryServiceTestCase"/>
  <testcase name="addPage" time="0.055" classname="org.b3log.solo.service.PageQueryServiceTestCase"/>
  <testcase name="getPages" time="0.001" classname="org.b3log.solo.service.PageQueryServiceTestCase"/>
  <testcase name="init" time="0.489" classname="org.b3log.solo.service.PreferenceMgmtServiceTestCase"/>
  <testcase name="updatePreference" time="0.008" classname="org.b3log.solo.service.PreferenceMgmtServiceTestCase"/>
  <testcase name="updateReplyNotificationTemplate" time="0.002" classname="org.b3log.solo.service.PreferenceMgmtServiceTestCase"/>
  <testcase name="init" time="0.479" classname="org.b3log.solo.service.PreferenceQueryServiceTestCase"/>
  <testcase name="getPreference" time="0.001" classname="org.b3log.solo.service.PreferenceQueryServiceTestCase"/>
  <testcase name="getReplyNotificationTemplate" time="0.0" classname="org.b3log.solo.service.PreferenceQueryServiceTestCase"/>
  <testcase name="init" time="0.489" classname="org.b3log.solo.service.TagMgmtServiceTestCase"/>
  <testcase name="removeUnusedTags" time="0.0" classname="org.b3log.solo.service.TagMgmtServiceTestCase"/>
  <testcase name="init" time="0.484" classname="org.b3log.solo.service.TagQueryServiceTestCase"/>
  <testcase name="getTagByTitle" time="0.001" classname="org.b3log.solo.service.TagQueryServiceTestCase"/>
  <testcase name="getTags" time="0.001" classname="org.b3log.solo.service.TagQueryServiceTestCase"/>
  <testcase name="addUser" time="0.054" classname="org.b3log.solo.service.UserMgmtServiceTestCase"/>
  <testcase name="removeUser" time="0.001" classname="org.b3log.solo.service.UserMgmtServiceTestCase"/>
  <testcase name="updateUser" time="0.052" classname="org.b3log.solo.service.UserMgmtServiceTestCase"/>
  <testcase name="addUser" time="0.054" classname="org.b3log.solo.service.UserQueryServiceTestCase"/>
  <testcase name="getUser" time="0.0" classname="org.b3log.solo.service.UserQueryServiceTestCase"/>
  <testcase name="getUserByEmail" time="0.0" classname="org.b3log.solo.service.UserQueryServiceTestCase"/>
  <testcase name="getUsers" time="0.0" classname="org.b3log.solo.service.UserQueryServiceTestCase"/>
  <testcase name="add" time="0.001" classname="org.b3log.solo.service.OptionMgmtServiceTestCase"/>
  <testcase name="remove" time="0.001" classname="org.b3log.solo.service.OptionMgmtServiceTestCase"/>
  <testcase name="update" time="0.0" classname="org.b3log.solo.service.OptionMgmtServiceTestCase"/>
  <testcase name="get" time="0.0" classname="org.b3log.solo.service.OptionQueryServiceTestCase"/>
  <testcase name="XSSUser" time="0.0" classname="org.b3log.solo.service.UserMgmtServiceTestCase"/>
  <testcase name="validUser" time="0.0" classname="org.b3log.solo.service.UserMgmtServiceTestCase"/>
  <testcase name="getLoginURL" time="0.0" classname="org.b3log.solo.service.UserQueryServiceTestCase"/>
  <testcase name="getLogoutURL" time="0.0" classname="org.b3log.solo.service.UserQueryServiceTestCase"/>
</testsuite>
