<?xml version="1.0" encoding="UTF-8"?>
<testsuite hostname="taoyunkundeMacBook-Pro.local" name="org.b3log.solo.processor.ArticleProcessorTestCase" tests="51" failures="0" timestamp="22 Apr 2018 09:59:07 GMT" time="24.549" errors="0">
  <testcase name="init" time="0.497" classname="org.b3log.solo.processor.ArticleProcessorTestCase"/>
  <testcase name="getArchivesArticlesByPage" time="0.177" classname="org.b3log.solo.processor.ArticleProcessorTestCase"/>
  <testcase name="getArticleContent" time="0.006" classname="org.b3log.solo.processor.ArticleProcessorTestCase"/>
  <testcase name="getArticlesByPage" time="0.007" classname="org.b3log.solo.processor.ArticleProcessorTestCase"/>
  <testcase name="getAuthorsArticlesByPage" time="0.007" classname="org.b3log.solo.processor.ArticleProcessorTestCase"/>
  <testcase name="getRandomArticles" time="0.003" classname="org.b3log.solo.processor.ArticleProcessorTestCase"/>
  <testcase name="getRelevantArticles" time="0.003" classname="org.b3log.solo.processor.ArticleProcessorTestCase"/>
  <testcase name="getTagArticlesByPage" time="0.007" classname="org.b3log.solo.processor.ArticleProcessorTestCase"/>
  <testcase name="showArchiveArticles" time="0.166" classname="org.b3log.solo.processor.ArticleProcessorTestCase"/>
  <testcase name="showArticle" time="0.032" classname="org.b3log.solo.processor.ArticleProcessorTestCase"/>
  <testcase name="showArticlePwdForm" time="0.011" classname="org.b3log.solo.processor.ArticleProcessorTestCase"/>
  <testcase name="showAuthorArticles" time="0.013" classname="org.b3log.solo.processor.ArticleProcessorTestCase"/>
  <testcase name="init" time="0.5" classname="org.b3log.solo.processor.BlogProcessorTestCase"/>
  <testcase name="getArticlesTags" time="0.004" classname="org.b3log.solo.processor.BlogProcessorTestCase"/>
  <testcase name="getBlogInfo" time="0.004" classname="org.b3log.solo.processor.BlogProcessorTestCase"/>
  <testcase name="getInterestTags" time="0.002" classname="org.b3log.solo.processor.BlogProcessorTestCase"/>
  <testcase name="init" time="0.497" classname="org.b3log.solo.processor.CaptchaProcessorTestCase"/>
  <testcase name="get" time="2.09" classname="org.b3log.solo.processor.CaptchaProcessorTestCase"/>
  <testcase name="init" time="0.491" classname="org.b3log.solo.processor.CommentProcessorTestCase"/>
  <testcase name="addArticleComment" time="11.967" classname="org.b3log.solo.processor.CommentProcessorTestCase"/>
  <testcase name="addPageComment" time="2.119" classname="org.b3log.solo.processor.CommentProcessorTestCase"/>
  <testcase name="init" time="0.49" classname="org.b3log.solo.processor.ErrorProcessorTestCase"/>
  <testcase name="showErrorPage" time="0.012" classname="org.b3log.solo.processor.ErrorProcessorTestCase"/>
  <testcase name="init" time="0.492" classname="org.b3log.solo.processor.FeedProcessorTestCase"/>
  <testcase name="blogArticlesAtom" time="0.066" classname="org.b3log.solo.processor.FeedProcessorTestCase"/>
  <testcase name="blogArticlesRSS" time="0.006" classname="org.b3log.solo.processor.FeedProcessorTestCase"/>
  <testcase name="tagArticlesAtom" time="0.005" classname="org.b3log.solo.processor.FeedProcessorTestCase"/>
  <testcase name="tagArticlesRSS" time="0.004" classname="org.b3log.solo.processor.FeedProcessorTestCase"/>
  <testcase name="init" time="0.489" classname="org.b3log.solo.processor.IndexProcessorTestCase"/>
  <testcase name="register" time="0.009" classname="org.b3log.solo.processor.IndexProcessorTestCase"/>
  <testcase name="showIndex" time="0.027" classname="org.b3log.solo.processor.IndexProcessorTestCase"/>
  <testcase name="showKillBrowser" time="0.006" classname="org.b3log.solo.processor.IndexProcessorTestCase"/>
  <testcase name="showInit" time="0.019" classname="org.b3log.solo.processor.InitProcessorTestCase"/>
  <testcase name="initSolo" time="0.601" classname="org.b3log.solo.processor.InitProcessorTestCase"/>
  <testcase name="init" time="0.483" classname="org.b3log.solo.processor.LoginProcessorTestCase"/>
  <testcase name="forgot" time="0.006" classname="org.b3log.solo.processor.LoginProcessorTestCase"/>
  <testcase name="login" time="0.001" classname="org.b3log.solo.processor.LoginProcessorTestCase"/>
  <testcase name="logout" time="0.006" classname="org.b3log.solo.processor.LoginProcessorTestCase"/>
  <testcase name="showForgot" time="0.007" classname="org.b3log.solo.processor.LoginProcessorTestCase"/>
  <testcase name="showLogin" time="0.005" classname="org.b3log.solo.processor.LoginProcessorTestCase"/>
  <testcase name="init" time="0.5" classname="org.b3log.solo.processor.PageProcessorTestCase"/>
  <testcase name="showPage" time="0.067" classname="org.b3log.solo.processor.PageProcessorTestCase"/>
  <testcase name="init" time="0.488" classname="org.b3log.solo.processor.SitemapProcessorTestCase"/>
  <testcase name="blogArticlesAtom" time="0.005" classname="org.b3log.solo.processor.SitemapProcessorTestCase"/>
  <testcase name="init" time="0.489" classname="org.b3log.solo.processor.StatProcessorTestCase"/>
  <testcase name="showIndex" time="0.004" classname="org.b3log.solo.processor.StatProcessorTestCase"/>
  <testcase name="init" time="0.504" classname="org.b3log.solo.processor.TagProcessorTestCase"/>
  <testcase name="showTagArticles" time="0.032" classname="org.b3log.solo.processor.TagProcessorTestCase"/>
  <testcase name="init" time="0.505" classname="org.b3log.solo.processor.console.CategoryConsoleTestCase"/>
  <testcase name="addCategory" time="0.119" classname="org.b3log.solo.processor.console.CategoryConsoleTestCase"/>
  <testcase name="updateCategory" time="0.057" classname="org.b3log.solo.processor.console.CategoryConsoleTestCase"/>
</testsuite>
