<?xml version="1.0" encoding="UTF-8"?>
<testng-results skipped="0" failed="0" total="165" passed="165">
  <reporter-output>
  </reporter-output>
  <suite name="processor" duration-ms="24549" started-at="2018-04-22T17:58:42Z" finished-at="2018-04-22T17:59:07Z">
    <groups>
    </groups>
    <test name="Surefire test" duration-ms="24549" started-at="2018-04-22T17:58:42Z" finished-at="2018-04-22T17:59:07Z">
      <class name="org.b3log.solo.processor.CaptchaProcessorTestCase">
        <test-method status="PASS" signature="afterClass()" name="afterClass" is-config="true" duration-ms="1" started-at="2018-04-22T17:58:44Z" finished-at="2018-04-22T17:58:44Z">
        </test-method>
        <test-method status="PASS" signature="beforeClass()" name="beforeClass" is-config="true" duration-ms="31" started-at="2018-04-22T17:58:44Z" finished-at="2018-04-22T17:58:44Z">
        </test-method>
        <test-method status="PASS" signature="init()" name="init" duration-ms="497" started-at="2018-04-22T17:58:44Z" finished-at="2018-04-22T17:58:44Z">
        </test-method>
        <test-method status="PASS" signature="get()" name="get" duration-ms="2090" started-at="2018-04-22T17:58:44Z" depends-on-methods="org.b3log.solo.processor.CaptchaProcessorTestCase.init" finished-at="2018-04-22T17:58:46Z">
        </test-method>
      </class>
      <class name="org.b3log.solo.processor.TagProcessorTestCase">
        <test-method status="PASS" signature="beforeClass()" name="beforeClass" is-config="true" duration-ms="28" started-at="2018-04-22T17:59:06Z" finished-at="2018-04-22T17:59:06Z">
        </test-method>
        <test-method status="PASS" signature="afterClass()" name="afterClass" is-config="true" duration-ms="0" started-at="2018-04-22T17:59:06Z" finished-at="2018-04-22T17:59:06Z">
        </test-method>
        <test-method status="PASS" signature="init()" name="init" duration-ms="504" started-at="2018-04-22T17:59:06Z" finished-at="2018-04-22T17:59:06Z">
        </test-method>
        <test-method status="PASS" signature="showTagArticles()" name="showTagArticles" duration-ms="32" started-at="2018-04-22T17:59:06Z" depends-on-methods="org.b3log.solo.processor.TagProcessorTestCase.init" finished-at="2018-04-22T17:59:06Z">
        </test-method>
      </class>
      <class name="org.b3log.solo.processor.IndexProcessorTestCase">
        <test-method status="PASS" signature="beforeClass()" name="beforeClass" is-config="true" duration-ms="31" started-at="2018-04-22T17:59:02Z" finished-at="2018-04-22T17:59:02Z">
        </test-method>
        <test-method status="PASS" signature="afterClass()" name="afterClass" is-config="true" duration-ms="0" started-at="2018-04-22T17:59:02Z" finished-at="2018-04-22T17:59:02Z">
        </test-method>
        <test-method status="PASS" signature="init()" name="init" duration-ms="489" started-at="2018-04-22T17:59:02Z" finished-at="2018-04-22T17:59:03Z">
        </test-method>
        <test-method status="PASS" signature="register()" name="register" duration-ms="9" started-at="2018-04-22T17:59:03Z" depends-on-methods="org.b3log.solo.processor.IndexProcessorTestCase.init" finished-at="2018-04-22T17:59:03Z">
        </test-method>
        <test-method status="PASS" signature="showIndex()" name="showIndex" duration-ms="27" started-at="2018-04-22T17:59:03Z" depends-on-methods="org.b3log.solo.processor.IndexProcessorTestCase.init" finished-at="2018-04-22T17:59:03Z">
        </test-method>
        <test-method status="PASS" signature="showKillBrowser()" name="showKillBrowser" duration-ms="6" started-at="2018-04-22T17:59:03Z" depends-on-methods="org.b3log.solo.processor.IndexProcessorTestCase.init" finished-at="2018-04-22T17:59:03Z">
        </test-method>
      </class>
      <class name="org.b3log.solo.processor.console.CategoryConsoleTestCase">
        <test-method status="PASS" signature="beforeClass()" name="beforeClass" is-config="true" duration-ms="29" started-at="2018-04-22T17:59:06Z" finished-at="2018-04-22T17:59:06Z">
        </test-method>
        <test-method status="PASS" signature="afterClass()" name="afterClass" is-config="true" duration-ms="0" started-at="2018-04-22T17:59:06Z" finished-at="2018-04-22T17:59:06Z">
        </test-method>
        <test-method status="PASS" signature="init()" name="init" duration-ms="505" started-at="2018-04-22T17:59:06Z" finished-at="2018-04-22T17:59:07Z">
        </test-method>
        <test-method status="PASS" signature="addCategory()" name="addCategory" duration-ms="119" started-at="2018-04-22T17:59:07Z" depends-on-methods="org.b3log.solo.processor.console.CategoryConsoleTestCase.init" finished-at="2018-04-22T17:59:07Z">
        </test-method>
        <test-method status="PASS" signature="updateCategory()" name="updateCategory" duration-ms="57" started-at="2018-04-22T17:59:07Z" depends-on-methods="org.b3log.solo.processor.console.CategoryConsoleTestCase.addCategory" finished-at="2018-04-22T17:59:07Z">
        </test-method>
      </class>
      <class name="org.b3log.solo.processor.InitProcessorTestCase">
        <test-method status="PASS" signature="beforeClass()" name="beforeClass" is-config="true" duration-ms="30" started-at="2018-04-22T17:59:03Z" finished-at="2018-04-22T17:59:03Z">
        </test-method>
        <test-method status="PASS" signature="afterClass()" name="afterClass" is-config="true" duration-ms="0" started-at="2018-04-22T17:59:03Z" finished-at="2018-04-22T17:59:03Z">
        </test-method>
        <test-method status="PASS" signature="showInit()" name="showInit" duration-ms="19" started-at="2018-04-22T17:59:03Z" finished-at="2018-04-22T17:59:03Z">
        </test-method>
        <test-method status="PASS" signature="initSolo()" name="initSolo" duration-ms="601" started-at="2018-04-22T17:59:03Z" depends-on-methods="org.b3log.solo.processor.InitProcessorTestCase.showInit" finished-at="2018-04-22T17:59:03Z">
        </test-method>
      </class>
      <class name="org.b3log.solo.processor.LoginProcessorTestCase">
        <test-method status="PASS" signature="afterClass()" name="afterClass" is-config="true" duration-ms="0" started-at="2018-04-22T17:59:03Z" finished-at="2018-04-22T17:59:03Z">
        </test-method>
        <test-method status="PASS" signature="beforeClass()" name="beforeClass" is-config="true" duration-ms="30" started-at="2018-04-22T17:59:03Z" finished-at="2018-04-22T17:59:03Z">
        </test-method>
        <test-method status="PASS" signature="init()" name="init" duration-ms="483" started-at="2018-04-22T17:59:03Z" finished-at="2018-04-22T17:59:04Z">
        </test-method>
        <test-method status="PASS" signature="forgot()" name="forgot" duration-ms="6" started-at="2018-04-22T17:59:04Z" depends-on-methods="org.b3log.solo.processor.LoginProcessorTestCase.init" finished-at="2018-04-22T17:59:04Z">
        </test-method>
        <test-method status="PASS" signature="login()" name="login" duration-ms="1" started-at="2018-04-22T17:59:04Z" depends-on-methods="org.b3log.solo.processor.LoginProcessorTestCase.init" finished-at="2018-04-22T17:59:04Z">
        </test-method>
        <test-method status="PASS" signature="logout()" name="logout" duration-ms="6" started-at="2018-04-22T17:59:04Z" depends-on-methods="org.b3log.solo.processor.LoginProcessorTestCase.init" finished-at="2018-04-22T17:59:04Z">
        </test-method>
        <test-method status="PASS" signature="showForgot()" name="showForgot" duration-ms="7" started-at="2018-04-22T17:59:04Z" depends-on-methods="org.b3log.solo.processor.LoginProcessorTestCase.init" finished-at="2018-04-22T17:59:04Z">
        </test-method>
        <test-method status="PASS" signature="showLogin()" name="showLogin" duration-ms="5" started-at="2018-04-22T17:59:04Z" depends-on-methods="org.b3log.solo.processor.LoginProcessorTestCase.init" finished-at="2018-04-22T17:59:04Z">
        </test-method>
      </class>
      <class name="org.b3log.solo.processor.ErrorProcessorTestCase">
        <test-method status="PASS" signature="afterClass()" name="afterClass" is-config="true" duration-ms="1" started-at="2018-04-22T17:59:01Z" finished-at="2018-04-22T17:59:01Z">
        </test-method>
        <test-method status="PASS" signature="beforeClass()" name="beforeClass" is-config="true" duration-ms="30" started-at="2018-04-22T17:59:01Z" finished-at="2018-04-22T17:59:01Z">
        </test-method>
        <test-method status="PASS" signature="init()" name="init" duration-ms="490" started-at="2018-04-22T17:59:01Z" finished-at="2018-04-22T17:59:02Z">
        </test-method>
        <test-method status="PASS" signature="showErrorPage()" name="showErrorPage" duration-ms="12" started-at="2018-04-22T17:59:02Z" depends-on-methods="org.b3log.solo.processor.ErrorProcessorTestCase.init" finished-at="2018-04-22T17:59:02Z">
        </test-method>
      </class>
      <class name="org.b3log.solo.processor.CommentProcessorTestCase">
        <test-method status="PASS" signature="afterClass()" name="afterClass" is-config="true" duration-ms="1" started-at="2018-04-22T17:58:46Z" finished-at="2018-04-22T17:58:46Z">
        </test-method>
        <test-method status="PASS" signature="beforeClass()" name="beforeClass" is-config="true" duration-ms="30" started-at="2018-04-22T17:58:46Z" finished-at="2018-04-22T17:58:46Z">
        </test-method>
        <test-method status="PASS" signature="init()" name="init" duration-ms="491" started-at="2018-04-22T17:58:46Z" finished-at="2018-04-22T17:58:47Z">
        </test-method>
        <test-method status="PASS" signature="addArticleComment()" name="addArticleComment" duration-ms="11967" started-at="2018-04-22T17:58:47Z" depends-on-methods="org.b3log.solo.processor.CommentProcessorTestCase.init" finished-at="2018-04-22T17:58:59Z">
        </test-method>
        <test-method status="PASS" signature="addPageComment()" name="addPageComment" duration-ms="2119" started-at="2018-04-22T17:58:59Z" depends-on-methods="org.b3log.solo.processor.CommentProcessorTestCase.init" finished-at="2018-04-22T17:59:01Z">
        </test-method>
      </class>
      <class name="org.b3log.solo.processor.SitemapProcessorTestCase">
        <test-method status="PASS" signature="afterClass()" name="afterClass" is-config="true" duration-ms="0" started-at="2018-04-22T17:59:04Z" finished-at="2018-04-22T17:59:04Z">
        </test-method>
        <test-method status="PASS" signature="beforeClass()" name="beforeClass" is-config="true" duration-ms="26" started-at="2018-04-22T17:59:04Z" finished-at="2018-04-22T17:59:05Z">
        </test-method>
        <test-method status="PASS" signature="init()" name="init" duration-ms="488" started-at="2018-04-22T17:59:05Z" finished-at="2018-04-22T17:59:05Z">
        </test-method>
        <test-method status="PASS" signature="blogArticlesAtom()" name="blogArticlesAtom" duration-ms="5" started-at="2018-04-22T17:59:05Z" depends-on-methods="org.b3log.solo.processor.SitemapProcessorTestCase.init" finished-at="2018-04-22T17:59:05Z">
        </test-method>
      </class>
      <class name="org.b3log.solo.processor.ArticleProcessorTestCase">
        <test-method status="PASS" signature="afterClass()" name="afterClass" is-config="true" duration-ms="0" started-at="2018-04-22T17:58:42Z" finished-at="2018-04-22T17:58:42Z">
        </test-method>
        <test-method status="PASS" signature="beforeClass()" name="beforeClass" is-config="true" duration-ms="32" started-at="2018-04-22T17:58:42Z" finished-at="2018-04-22T17:58:42Z">
        </test-method>
        <test-method status="PASS" signature="init()" name="init" duration-ms="497" started-at="2018-04-22T17:58:42Z" finished-at="2018-04-22T17:58:43Z">
        </test-method>
        <test-method status="PASS" signature="getArchivesArticlesByPage()" name="getArchivesArticlesByPage" duration-ms="177" started-at="2018-04-22T17:58:43Z" depends-on-methods="org.b3log.solo.processor.ArticleProcessorTestCase.init" finished-at="2018-04-22T17:58:43Z">
        </test-method>
        <test-method status="PASS" signature="getArticleContent()" name="getArticleContent" duration-ms="6" started-at="2018-04-22T17:58:43Z" depends-on-methods="org.b3log.solo.processor.ArticleProcessorTestCase.init" finished-at="2018-04-22T17:58:43Z">
        </test-method>
        <test-method status="PASS" signature="getArticlesByPage()" name="getArticlesByPage" duration-ms="7" started-at="2018-04-22T17:58:43Z" depends-on-methods="org.b3log.solo.processor.ArticleProcessorTestCase.init" finished-at="2018-04-22T17:58:43Z">
        </test-method>
        <test-method status="PASS" signature="getAuthorsArticlesByPage()" name="getAuthorsArticlesByPage" duration-ms="7" started-at="2018-04-22T17:58:43Z" depends-on-methods="org.b3log.solo.processor.ArticleProcessorTestCase.init" finished-at="2018-04-22T17:58:43Z">
        </test-method>
        <test-method status="PASS" signature="getRandomArticles()" name="getRandomArticles" duration-ms="3" started-at="2018-04-22T17:58:43Z" depends-on-methods="org.b3log.solo.processor.ArticleProcessorTestCase.init" finished-at="2018-04-22T17:58:43Z">
        </test-method>
        <test-method status="PASS" signature="getRelevantArticles()" name="getRelevantArticles" duration-ms="3" started-at="2018-04-22T17:58:43Z" depends-on-methods="org.b3log.solo.processor.ArticleProcessorTestCase.init" finished-at="2018-04-22T17:58:43Z">
        </test-method>
        <test-method status="PASS" signature="getTagArticlesByPage()" name="getTagArticlesByPage" duration-ms="7" started-at="2018-04-22T17:58:43Z" depends-on-methods="org.b3log.solo.processor.ArticleProcessorTestCase.init" finished-at="2018-04-22T17:58:43Z">
        </test-method>
        <test-method status="PASS" signature="showArchiveArticles()" name="showArchiveArticles" duration-ms="166" started-at="2018-04-22T17:58:43Z" depends-on-methods="org.b3log.solo.processor.ArticleProcessorTestCase.init" finished-at="2018-04-22T17:58:43Z">
        </test-method>
        <test-method status="PASS" signature="showArticle()" name="showArticle" duration-ms="32" started-at="2018-04-22T17:58:43Z" depends-on-methods="org.b3log.solo.processor.ArticleProcessorTestCase.init" finished-at="2018-04-22T17:58:43Z">
        </test-method>
        <test-method status="PASS" signature="showArticlePwdForm()" name="showArticlePwdForm" duration-ms="11" started-at="2018-04-22T17:58:43Z" depends-on-methods="org.b3log.solo.processor.ArticleProcessorTestCase.init" finished-at="2018-04-22T17:58:43Z">
        </test-method>
        <test-method status="PASS" signature="showAuthorArticles()" name="showAuthorArticles" duration-ms="13" started-at="2018-04-22T17:58:43Z" depends-on-methods="org.b3log.solo.processor.ArticleProcessorTestCase.init" finished-at="2018-04-22T17:58:43Z">
        </test-method>
      </class>
      <class name="org.b3log.solo.processor.StatProcessorTestCase">
        <test-method status="PASS" signature="afterClass()" name="afterClass" is-config="true" duration-ms="0" started-at="2018-04-22T17:59:05Z" finished-at="2018-04-22T17:59:05Z">
        </test-method>
        <test-method status="PASS" signature="beforeClass()" name="beforeClass" is-config="true" duration-ms="27" started-at="2018-04-22T17:59:05Z" finished-at="2018-04-22T17:59:05Z">
        </test-method>
        <test-method status="PASS" signature="init()" name="init" duration-ms="489" started-at="2018-04-22T17:59:05Z" finished-at="2018-04-22T17:59:06Z">
        </test-method>
        <test-method status="PASS" signature="showIndex()" name="showIndex" duration-ms="4" started-at="2018-04-22T17:59:06Z" depends-on-methods="org.b3log.solo.processor.StatProcessorTestCase.init" finished-at="2018-04-22T17:59:06Z">
        </test-method>
      </class>
      <class name="org.b3log.solo.processor.PageProcessorTestCase">
        <test-method status="PASS" signature="beforeClass()" name="beforeClass" is-config="true" duration-ms="28" started-at="2018-04-22T17:59:04Z" finished-at="2018-04-22T17:59:04Z">
        </test-method>
        <test-method status="PASS" signature="afterClass()" name="afterClass" is-config="true" duration-ms="0" started-at="2018-04-22T17:59:04Z" finished-at="2018-04-22T17:59:04Z">
        </test-method>
        <test-method status="PASS" signature="init()" name="init" duration-ms="500" started-at="2018-04-22T17:59:04Z" finished-at="2018-04-22T17:59:04Z">
        </test-method>
        <test-method status="PASS" signature="showPage()" name="showPage" duration-ms="67" started-at="2018-04-22T17:59:04Z" depends-on-methods="org.b3log.solo.processor.PageProcessorTestCase.init" finished-at="2018-04-22T17:59:04Z">
        </test-method>
      </class>
      <class name="org.b3log.solo.processor.FeedProcessorTestCase">
        <test-method status="PASS" signature="beforeClass()" name="beforeClass" is-config="true" duration-ms="32" started-at="2018-04-22T17:59:02Z" finished-at="2018-04-22T17:59:02Z">
        </test-method>
        <test-method status="PASS" signature="afterClass()" name="afterClass" is-config="true" duration-ms="0" started-at="2018-04-22T17:59:02Z" finished-at="2018-04-22T17:59:02Z">
        </test-method>
        <test-method status="PASS" signature="init()" name="init" duration-ms="492" started-at="2018-04-22T17:59:02Z" finished-at="2018-04-22T17:59:02Z">
        </test-method>
        <test-method status="PASS" signature="blogArticlesAtom()" name="blogArticlesAtom" duration-ms="66" started-at="2018-04-22T17:59:02Z" depends-on-methods="org.b3log.solo.processor.FeedProcessorTestCase.init" finished-at="2018-04-22T17:59:02Z">
        </test-method>
        <test-method status="PASS" signature="blogArticlesRSS()" name="blogArticlesRSS" duration-ms="6" started-at="2018-04-22T17:59:02Z" depends-on-methods="org.b3log.solo.processor.FeedProcessorTestCase.init" finished-at="2018-04-22T17:59:02Z">
        </test-method>
        <test-method status="PASS" signature="tagArticlesAtom()" name="tagArticlesAtom" duration-ms="5" started-at="2018-04-22T17:59:02Z" depends-on-methods="org.b3log.solo.processor.FeedProcessorTestCase.init" finished-at="2018-04-22T17:59:02Z">
        </test-method>
        <test-method status="PASS" signature="tagArticlesRSS()" name="tagArticlesRSS" duration-ms="4" started-at="2018-04-22T17:59:02Z" depends-on-methods="org.b3log.solo.processor.FeedProcessorTestCase.init" finished-at="2018-04-22T17:59:02Z">
        </test-method>
      </class>
      <class name="org.b3log.solo.processor.BlogProcessorTestCase">
        <test-method status="PASS" signature="afterClass()" name="afterClass" is-config="true" duration-ms="0" started-at="2018-04-22T17:58:43Z" finished-at="2018-04-22T17:58:43Z">
        </test-method>
        <test-method status="PASS" signature="beforeClass()" name="beforeClass" is-config="true" duration-ms="33" started-at="2018-04-22T17:58:43Z" finished-at="2018-04-22T17:58:43Z">
        </test-method>
        <test-method status="PASS" signature="init()" name="init" duration-ms="500" started-at="2018-04-22T17:58:43Z" finished-at="2018-04-22T17:58:44Z">
        </test-method>
        <test-method status="PASS" signature="getArticlesTags()" name="getArticlesTags" duration-ms="4" started-at="2018-04-22T17:58:44Z" depends-on-methods="org.b3log.solo.processor.BlogProcessorTestCase.init" finished-at="2018-04-22T17:58:44Z">
        </test-method>
        <test-method status="PASS" signature="getBlogInfo()" name="getBlogInfo" duration-ms="4" started-at="2018-04-22T17:58:44Z" depends-on-methods="org.b3log.solo.processor.BlogProcessorTestCase.init" finished-at="2018-04-22T17:58:44Z">
        </test-method>
        <test-method status="PASS" signature="getInterestTags()" name="getInterestTags" duration-ms="2" started-at="2018-04-22T17:58:44Z" depends-on-methods="org.b3log.solo.processor.BlogProcessorTestCase.init" finished-at="2018-04-22T17:58:44Z">
        </test-method>
      </class>
    </test>
  </suite>
  <suite name="Surefire suite" duration-ms="1024" started-at="2018-04-22T17:58:41Z" finished-at="2018-04-22T17:58:42Z">
    <groups>
    </groups>
    <test name="Surefire test" duration-ms="1024" started-at="2018-04-22T17:58:41Z" finished-at="2018-04-22T17:58:42Z">
      <class name="org.b3log.solo.util.MarkdownsTestCase">
        <test-method status="PASS" signature="toHTML()" name="toHTML" duration-ms="400" started-at="2018-04-22T17:58:42Z" finished-at="2018-04-22T17:58:42Z">
        </test-method>
      </class>
      <class name="org.b3log.solo.util.ImagesTestCase">
        <test-method status="PASS" signature="randImage()" name="randImage" duration-ms="0" started-at="2018-04-22T17:58:42Z" finished-at="2018-04-22T17:58:42Z">
        </test-method>
        <test-method status="PASS" signature="randImages()" name="randImages" duration-ms="2" started-at="2018-04-22T17:58:42Z" finished-at="2018-04-22T17:58:42Z">
        </test-method>
      </class>
      <class name="org.b3log.solo.service.ArchiveDateQueryServiceTestCase">
        <test-method status="PASS" signature="beforeClass()" name="beforeClass" is-config="true" duration-ms="36" started-at="2018-04-22T17:58:41Z" finished-at="2018-04-22T17:58:41Z">
        </test-method>
        <test-method status="PASS" signature="afterClass()" name="afterClass" is-config="true" duration-ms="0" started-at="2018-04-22T17:58:41Z" finished-at="2018-04-22T17:58:41Z">
        </test-method>
        <test-method status="PASS" signature="init()" name="init" duration-ms="581" started-at="2018-04-22T17:58:41Z" finished-at="2018-04-22T17:58:42Z">
        </test-method>
        <test-method status="PASS" signature="getArchiveDates()" name="getArchiveDates" duration-ms="0" started-at="2018-04-22T17:58:42Z" depends-on-methods="org.b3log.solo.service.ArchiveDateQueryServiceTestCase.init" finished-at="2018-04-22T17:58:42Z">
        </test-method>
        <test-method status="PASS" signature="getByArchiveDateString()" name="getByArchiveDateString" duration-ms="0" started-at="2018-04-22T17:58:42Z" depends-on-methods="org.b3log.solo.service.ArchiveDateQueryServiceTestCase.init" finished-at="2018-04-22T17:58:42Z">
        </test-method>
      </class>
      <class name="org.b3log.solo.service.PermalinkQueryServiceTestCase">
        <test-method status="PASS" signature="matchDefaultArticlePermalinkFormat()" name="matchDefaultArticlePermalinkFormat" duration-ms="0" started-at="2018-04-22T17:58:42Z" finished-at="2018-04-22T17:58:42Z">
        </test-method>
        <test-method status="PASS" signature="matchDefaultPagePermalinkFormat()" name="matchDefaultPagePermalinkFormat" duration-ms="0" started-at="2018-04-22T17:58:42Z" finished-at="2018-04-22T17:58:42Z">
        </test-method>
      </class>
      <class name="org.b3log.solo.util.ThumbnailsTestCase">
        <test-method status="PASS" signature="getGravatarURL()" name="getGravatarURL" duration-ms="1" started-at="2018-04-22T17:58:42Z" finished-at="2018-04-22T17:58:42Z">
        </test-method>
      </class>
    </test>
  </suite>
  <suite name="service" duration-ms="14162" started-at="2018-04-22T17:59:08Z" finished-at="2018-04-22T17:59:22Z">
    <groups>
    </groups>
    <test name="Surefire test" duration-ms="14162" started-at="2018-04-22T17:59:08Z" finished-at="2018-04-22T17:59:22Z">
      <class name="org.b3log.solo.service.OptionQueryServiceTestCase">
        <test-method status="PASS" signature="beforeClass()" name="beforeClass" is-config="true" duration-ms="27" started-at="2018-04-22T17:59:22Z" finished-at="2018-04-22T17:59:22Z">
        </test-method>
        <test-method status="PASS" signature="afterClass()" name="afterClass" is-config="true" duration-ms="0" started-at="2018-04-22T17:59:22Z" finished-at="2018-04-22T17:59:22Z">
        </test-method>
        <test-method status="PASS" signature="get()" name="get" duration-ms="0" started-at="2018-04-22T17:59:22Z" finished-at="2018-04-22T17:59:22Z">
        </test-method>
      </class>
      <class name="org.b3log.solo.service.TagQueryServiceTestCase">
        <test-method status="PASS" signature="afterClass()" name="afterClass" is-config="true" duration-ms="0" started-at="2018-04-22T17:59:21Z" finished-at="2018-04-22T17:59:21Z">
        </test-method>
        <test-method status="PASS" signature="beforeClass()" name="beforeClass" is-config="true" duration-ms="30" started-at="2018-04-22T17:59:21Z" finished-at="2018-04-22T17:59:21Z">
        </test-method>
        <test-method status="PASS" signature="init()" name="init" duration-ms="484" started-at="2018-04-22T17:59:21Z" finished-at="2018-04-22T17:59:21Z">
        </test-method>
        <test-method status="PASS" signature="getTagByTitle()" name="getTagByTitle" duration-ms="1" started-at="2018-04-22T17:59:21Z" depends-on-methods="org.b3log.solo.service.TagQueryServiceTestCase.init" finished-at="2018-04-22T17:59:21Z">
        </test-method>
        <test-method status="PASS" signature="getTags()" name="getTags" duration-ms="1" started-at="2018-04-22T17:59:21Z" depends-on-methods="org.b3log.solo.service.TagQueryServiceTestCase.init" finished-at="2018-04-22T17:59:21Z">
        </test-method>
      </class>
      <class name="org.b3log.solo.service.LinkMgmtServiceTestCase">
        <test-method status="PASS" signature="beforeClass()" name="beforeClass" is-config="true" duration-ms="30" started-at="2018-04-22T17:59:17Z" finished-at="2018-04-22T17:59:17Z">
        </test-method>
        <test-method status="PASS" signature="afterClass()" name="afterClass" is-config="true" duration-ms="0" started-at="2018-04-22T17:59:17Z" finished-at="2018-04-22T17:59:17Z">
        </test-method>
        <test-method status="PASS" signature="init()" name="init" duration-ms="492" started-at="2018-04-22T17:59:17Z" finished-at="2018-04-22T17:59:17Z">
        </test-method>
        <test-method status="PASS" signature="addLink()" name="addLink" duration-ms="56" started-at="2018-04-22T17:59:17Z" depends-on-methods="org.b3log.solo.service.LinkMgmtServiceTestCase.init" finished-at="2018-04-22T17:59:17Z">
        </test-method>
        <test-method status="PASS" signature="changeOrder()" name="changeOrder" duration-ms="53" started-at="2018-04-22T17:59:17Z" depends-on-methods="org.b3log.solo.service.LinkMgmtServiceTestCase.addLink" finished-at="2018-04-22T17:59:17Z">
        </test-method>
        <test-method status="PASS" signature="removeLink()" name="removeLink" duration-ms="53" started-at="2018-04-22T17:59:17Z" depends-on-methods="org.b3log.solo.service.LinkMgmtServiceTestCase.init" finished-at="2018-04-22T17:59:17Z">
        </test-method>
        <test-method status="PASS" signature="updateLink()" name="updateLink" duration-ms="54" started-at="2018-04-22T17:59:17Z" depends-on-methods="org.b3log.solo.service.LinkMgmtServiceTestCase.init" finished-at="2018-04-22T17:59:17Z">
        </test-method>
      </class>
      <class name="org.b3log.solo.service.UserMgmtServiceTestCase">
        <test-method status="PASS" signature="afterClass()" name="afterClass" is-config="true" duration-ms="0" started-at="2018-04-22T17:59:21Z" finished-at="2018-04-22T17:59:21Z">
        </test-method>
        <test-method status="PASS" signature="beforeClass()" name="beforeClass" is-config="true" duration-ms="33" started-at="2018-04-22T17:59:21Z" finished-at="2018-04-22T17:59:22Z">
        </test-method>
        <test-method status="PASS" signature="addUser()" name="addUser" duration-ms="54" started-at="2018-04-22T17:59:22Z" finished-at="2018-04-22T17:59:22Z">
        </test-method>
        <test-method status="PASS" signature="removeUser()" name="removeUser" duration-ms="1" started-at="2018-04-22T17:59:22Z" depends-on-methods="org.b3log.solo.service.UserMgmtServiceTestCase.addUser" finished-at="2018-04-22T17:59:22Z">
        </test-method>
        <test-method status="PASS" signature="updateUser()" name="updateUser" duration-ms="52" started-at="2018-04-22T17:59:22Z" depends-on-methods="org.b3log.solo.service.UserMgmtServiceTestCase.addUser" finished-at="2018-04-22T17:59:22Z">
        </test-method>
        <test-method status="PASS" signature="validUser()" name="validUser" duration-ms="0" started-at="2018-04-22T17:59:22Z" finished-at="2018-04-22T17:59:22Z">
        </test-method>
        <test-method status="PASS" signature="XSSUser()" name="XSSUser" duration-ms="0" started-at="2018-04-22T17:59:22Z" finished-at="2018-04-22T17:59:22Z">
          <exception class="org.b3log.latke.service.ServiceException">
            <message>
              <![CDATA[邮箱格式不正确！]]>
            </message>
            <full-stacktrace>
              <![CDATA[org.b3log.latke.service.ServiceException: 邮箱格式不正确！
	at org.b3log.solo.service.UserMgmtService.addUser(UserMgmtService.java:279)
	at org.b3log.solo.service.UserMgmtService_$$_jvst956_12._d0addUser(UserMgmtService_$$_jvst956_12.java)
	at sun.reflect.NativeMethodAccessorImpl.invoke0(Native Method)
	at sun.reflect.NativeMethodAccessorImpl.invoke(NativeMethodAccessorImpl.java:62)
	at sun.reflect.DelegatingMethodAccessorImpl.invoke(DelegatingMethodAccessorImpl.java:43)
	at java.lang.reflect.Method.invoke(Method.java:498)
	at org.b3log.latke.ioc.bean.JavassistMethodHandler.invoke(JavassistMethodHandler.java:106)
	at org.b3log.solo.service.UserMgmtService_$$_jvst956_12.addUser(UserMgmtService_$$_jvst956_12.java)
	at org.b3log.solo.service.UserMgmtServiceTestCase.XSSUser(UserMgmtServiceTestCase.java:129)
	at sun.reflect.NativeMethodAccessorImpl.invoke0(Native Method)
	at sun.reflect.NativeMethodAccessorImpl.invoke(NativeMethodAccessorImpl.java:62)
	at sun.reflect.DelegatingMethodAccessorImpl.invoke(DelegatingMethodAccessorImpl.java:43)
	at java.lang.reflect.Method.invoke(Method.java:498)
	at org.testng.internal.MethodInvocationHelper.invokeMethod(MethodInvocationHelper.java:80)
	at org.testng.internal.Invoker.invokeMethod(Invoker.java:673)
	at org.testng.internal.Invoker.invokeTestMethod(Invoker.java:842)
	at org.testng.internal.Invoker.invokeTestMethods(Invoker.java:1166)
	at org.testng.internal.TestMethodWorker.invokeTestMethods(TestMethodWorker.java:125)
	at org.testng.internal.TestMethodWorker.run(TestMethodWorker.java:109)
	at org.testng.TestRunner.runWorkers(TestRunner.java:1178)
	at org.testng.TestRunner.privateRun(TestRunner.java:757)
	at org.testng.TestRunner.run(TestRunner.java:608)
	at org.testng.SuiteRunner.runTest(SuiteRunner.java:334)
	at org.testng.SuiteRunner.runSequentially(SuiteRunner.java:329)
	at org.testng.SuiteRunner.privateRun(SuiteRunner.java:291)
	at org.testng.SuiteRunner.run(SuiteRunner.java:240)
	at org.testng.SuiteRunnerWorker.runSuite(SuiteRunnerWorker.java:52)
	at org.testng.SuiteRunnerWorker.run(SuiteRunnerWorker.java:86)
	at org.testng.TestNG.runSuitesSequentially(TestNG.java:1158)
	at org.testng.TestNG.runSuitesLocally(TestNG.java:1083)
	at org.testng.TestNG.run(TestNG.java:999)
	at org.apache.maven.surefire.testng.TestNGExecutor.run(TestNGExecutor.java:115)
	at org.apache.maven.surefire.testng.TestNGDirectoryTestSuite.executeMulti(TestNGDirectoryTestSuite.java:205)
	at org.apache.maven.surefire.testng.TestNGDirectoryTestSuite.execute(TestNGDirectoryTestSuite.java:108)
	at org.apache.maven.surefire.testng.TestNGProvider.invoke(TestNGProvider.java:111)
	at org.apache.maven.surefire.booter.ForkedBooter.invokeProviderInSameClassLoader(ForkedBooter.java:203)
	at org.apache.maven.surefire.booter.ForkedBooter.runSuitesInProcess(ForkedBooter.java:155)
	at org.apache.maven.surefire.booter.ForkedBooter.main(ForkedBooter.java:103)
]]>
            </full-stacktrace>
          </exception>
        </test-method>
      </class>
      <class name="org.b3log.solo.service.CommentQueryServiceTestCase">
        <test-method status="PASS" signature="beforeClass()" name="beforeClass" is-config="true" duration-ms="31" started-at="2018-04-22T17:59:16Z" finished-at="2018-04-22T17:59:16Z">
        </test-method>
        <test-method status="PASS" signature="afterClass()" name="afterClass" is-config="true" duration-ms="0" started-at="2018-04-22T17:59:16Z" finished-at="2018-04-22T17:59:16Z">
        </test-method>
        <test-method status="PASS" signature="init()" name="init" duration-ms="494" started-at="2018-04-22T17:59:16Z" finished-at="2018-04-22T17:59:17Z">
        </test-method>
        <test-method status="PASS" signature="getComments()" name="getComments" duration-ms="9" started-at="2018-04-22T17:59:17Z" depends-on-methods="org.b3log.solo.service.CommentQueryServiceTestCase.init" finished-at="2018-04-22T17:59:17Z">
        </test-method>
        <test-method status="PASS" signature="getCommentsOnId()" name="getCommentsOnId" duration-ms="4" started-at="2018-04-22T17:59:17Z" depends-on-methods="org.b3log.solo.service.CommentQueryServiceTestCase.init" finished-at="2018-04-22T17:59:17Z">
        </test-method>
      </class>
      <class name="org.b3log.solo.service.CategoryMgmtServiceTestCase">
        <test-method status="PASS" signature="afterClass()" name="afterClass" is-config="true" duration-ms="0" started-at="2018-04-22T17:59:10Z" finished-at="2018-04-22T17:59:10Z">
        </test-method>
        <test-method status="PASS" signature="beforeClass()" name="beforeClass" is-config="true" duration-ms="24" started-at="2018-04-22T17:59:10Z" finished-at="2018-04-22T17:59:10Z">
        </test-method>
        <test-method status="PASS" signature="init()" name="init" duration-ms="476" started-at="2018-04-22T17:59:10Z" finished-at="2018-04-22T17:59:11Z">
        </test-method>
        <test-method status="PASS" signature="addCategory()" name="addCategory" duration-ms="54" started-at="2018-04-22T17:59:11Z" depends-on-methods="org.b3log.solo.service.CategoryMgmtServiceTestCase.init" finished-at="2018-04-22T17:59:11Z">
        </test-method>
        <test-method status="PASS" signature="changeOrder()" name="changeOrder" duration-ms="55" started-at="2018-04-22T17:59:11Z" depends-on-methods="org.b3log.solo.service.CategoryMgmtServiceTestCase.addCategory" finished-at="2018-04-22T17:59:11Z">
        </test-method>
        <test-method status="PASS" signature="removeCategory()" name="removeCategory" duration-ms="53" started-at="2018-04-22T17:59:11Z" depends-on-methods="org.b3log.solo.service.CategoryMgmtServiceTestCase.init" finished-at="2018-04-22T17:59:11Z">
        </test-method>
        <test-method status="PASS" signature="updateCategory()" name="updateCategory" duration-ms="57" started-at="2018-04-22T17:59:11Z" depends-on-methods="org.b3log.solo.service.CategoryMgmtServiceTestCase.init" finished-at="2018-04-22T17:59:11Z">
        </test-method>
      </class>
      <class name="org.b3log.solo.service.CategoryQueryServiceTestCase">
        <test-method status="PASS" signature="afterClass()" name="afterClass" is-config="true" duration-ms="0" started-at="2018-04-22T17:59:11Z" finished-at="2018-04-22T17:59:11Z">
        </test-method>
        <test-method status="PASS" signature="beforeClass()" name="beforeClass" is-config="true" duration-ms="27" started-at="2018-04-22T17:59:11Z" finished-at="2018-04-22T17:59:11Z">
        </test-method>
        <test-method status="PASS" signature="init()" name="init" duration-ms="485" started-at="2018-04-22T17:59:11Z" finished-at="2018-04-22T17:59:11Z">
        </test-method>
        <test-method status="PASS" signature="addCategory()" name="addCategory" duration-ms="55" started-at="2018-04-22T17:59:11Z" depends-on-methods="org.b3log.solo.service.CategoryQueryServiceTestCase.init" finished-at="2018-04-22T17:59:11Z">
        </test-method>
        <test-method status="PASS" signature="getCategories()" name="getCategories" duration-ms="1" started-at="2018-04-22T17:59:11Z" depends-on-methods="org.b3log.solo.service.CategoryQueryServiceTestCase.addCategory" finished-at="2018-04-22T17:59:11Z">
        </test-method>
      </class>
      <class name="org.b3log.solo.service.UserQueryServiceTestCase">
        <test-method status="PASS" signature="beforeClass()" name="beforeClass" is-config="true" duration-ms="29" started-at="2018-04-22T17:59:22Z" finished-at="2018-04-22T17:59:22Z">
        </test-method>
        <test-method status="PASS" signature="afterClass()" name="afterClass" is-config="true" duration-ms="0" started-at="2018-04-22T17:59:22Z" finished-at="2018-04-22T17:59:22Z">
        </test-method>
        <test-method status="PASS" signature="addUser()" name="addUser" duration-ms="54" started-at="2018-04-22T17:59:22Z" finished-at="2018-04-22T17:59:22Z">
        </test-method>
        <test-method status="PASS" signature="getUserByEmail()" name="getUserByEmail" duration-ms="0" started-at="2018-04-22T17:59:22Z" depends-on-methods="org.b3log.solo.service.UserQueryServiceTestCase.addUser" finished-at="2018-04-22T17:59:22Z">
        </test-method>
        <test-method status="PASS" signature="getUser()" name="getUser" duration-ms="0" started-at="2018-04-22T17:59:22Z" depends-on-methods="org.b3log.solo.service.UserQueryServiceTestCase.addUser" finished-at="2018-04-22T17:59:22Z">
        </test-method>
        <test-method status="PASS" signature="getUsers()" name="getUsers" duration-ms="0" started-at="2018-04-22T17:59:22Z" depends-on-methods="org.b3log.solo.service.UserQueryServiceTestCase.addUser" finished-at="2018-04-22T17:59:22Z">
        </test-method>
        <test-method status="PASS" signature="getLogoutURL()" name="getLogoutURL" duration-ms="0" started-at="2018-04-22T17:59:22Z" finished-at="2018-04-22T17:59:22Z">
        </test-method>
        <test-method status="PASS" signature="getLoginURL()" name="getLoginURL" duration-ms="0" started-at="2018-04-22T17:59:22Z" finished-at="2018-04-22T17:59:22Z">
        </test-method>
      </class>
      <class name="org.b3log.solo.service.ArticleMgmtServiceTestCase">
        <test-method status="PASS" signature="beforeClass()" name="beforeClass" is-config="true" duration-ms="26" started-at="2018-04-22T17:59:08Z" finished-at="2018-04-22T17:59:08Z">
        </test-method>
        <test-method status="PASS" signature="afterClass()" name="afterClass" is-config="true" duration-ms="0" started-at="2018-04-22T17:59:08Z" finished-at="2018-04-22T17:59:08Z">
        </test-method>
        <test-method status="PASS" signature="init()" name="init" duration-ms="497" started-at="2018-04-22T17:59:08Z" finished-at="2018-04-22T17:59:08Z">
        </test-method>
        <test-method status="PASS" signature="addArticle()" name="addArticle" duration-ms="439" started-at="2018-04-22T17:59:08Z" depends-on-methods="org.b3log.solo.service.ArticleMgmtServiceTestCase.init" finished-at="2018-04-22T17:59:09Z">
        </test-method>
        <test-method status="PASS" signature="addArticleWithoutPermalink()" name="addArticleWithoutPermalink" duration-ms="268" started-at="2018-04-22T17:59:09Z" depends-on-methods="org.b3log.solo.service.ArticleMgmtServiceTestCase.init" finished-at="2018-04-22T17:59:09Z">
        </test-method>
        <test-method status="PASS" signature="cancelPublishArticle()" name="cancelPublishArticle" duration-ms="278" started-at="2018-04-22T17:59:09Z" depends-on-methods="org.b3log.solo.service.ArticleMgmtServiceTestCase.init" finished-at="2018-04-22T17:59:09Z">
        </test-method>
        <test-method status="PASS" signature="removeArticle()" name="removeArticle" duration-ms="266" started-at="2018-04-22T17:59:09Z" depends-on-methods="org.b3log.solo.service.ArticleMgmtServiceTestCase.init" finished-at="2018-04-22T17:59:09Z">
        </test-method>
        <test-method status="PASS" signature="topArticle()" name="topArticle" duration-ms="2" started-at="2018-04-22T17:59:09Z" depends-on-methods="org.b3log.solo.service.ArticleMgmtServiceTestCase.addArticle" finished-at="2018-04-22T17:59:09Z">
        </test-method>
        <test-method status="PASS" signature="updateArticle()" name="updateArticle" duration-ms="273" started-at="2018-04-22T17:59:09Z" depends-on-methods="org.b3log.solo.service.ArticleMgmtServiceTestCase.init" finished-at="2018-04-22T17:59:10Z">
        </test-method>
        <test-method status="PASS" signature="updateArticlesRandomValue()" name="updateArticlesRandomValue" duration-ms="3" started-at="2018-04-22T17:59:10Z" depends-on-methods="org.b3log.solo.service.ArticleMgmtServiceTestCase.addArticle" finished-at="2018-04-22T17:59:10Z">
        </test-method>
      </class>
      <class name="org.b3log.solo.service.ArticleQueryServiceTestCase">
        <test-method status="PASS" signature="beforeClass()" name="beforeClass" is-config="true" duration-ms="29" started-at="2018-04-22T17:59:10Z" finished-at="2018-04-22T17:59:10Z">
        </test-method>
        <test-method status="PASS" signature="afterClass()" name="afterClass" is-config="true" duration-ms="0" started-at="2018-04-22T17:59:10Z" finished-at="2018-04-22T17:59:10Z">
        </test-method>
        <test-method status="PASS" signature="init()" name="init" duration-ms="487" started-at="2018-04-22T17:59:10Z" finished-at="2018-04-22T17:59:10Z">
        </test-method>
        <test-method status="PASS" signature="getArticlesByArchiveDate()" name="getArticlesByArchiveDate" duration-ms="1" started-at="2018-04-22T17:59:10Z" depends-on-methods="org.b3log.solo.service.ArticleQueryServiceTestCase.init" finished-at="2018-04-22T17:59:10Z">
        </test-method>
        <test-method status="PASS" signature="getArticlesByTag()" name="getArticlesByTag" duration-ms="1" started-at="2018-04-22T17:59:10Z" depends-on-methods="org.b3log.solo.service.ArticleQueryServiceTestCase.init" finished-at="2018-04-22T17:59:10Z">
        </test-method>
        <test-method status="PASS" signature="getRecentArticles()" name="getRecentArticles" duration-ms="1" started-at="2018-04-22T17:59:10Z" depends-on-methods="org.b3log.solo.service.ArticleQueryServiceTestCase.init" finished-at="2018-04-22T17:59:10Z">
        </test-method>
        <test-method status="PASS" signature="getArticle()" name="getArticle" duration-ms="2" started-at="2018-04-22T17:59:10Z" depends-on-methods="org.b3log.solo.service.ArticleQueryServiceTestCase.getRecentArticles" finished-at="2018-04-22T17:59:10Z">
        </test-method>
        <test-method status="PASS" signature="getArticleById()" name="getArticleById" duration-ms="1" started-at="2018-04-22T17:59:10Z" depends-on-methods="org.b3log.solo.service.ArticleQueryServiceTestCase.getRecentArticles" finished-at="2018-04-22T17:59:10Z">
        </test-method>
        <test-method status="PASS" signature="getArticleContent()" name="getArticleContent" duration-ms="4" started-at="2018-04-22T17:59:10Z" depends-on-methods="org.b3log.solo.service.ArticleQueryServiceTestCase.getRecentArticles" finished-at="2018-04-22T17:59:10Z">
        </test-method>
        <test-method status="PASS" signature="searchKeyword()" name="searchKeyword" duration-ms="2" started-at="2018-04-22T17:59:10Z" depends-on-methods="org.b3log.solo.service.ArticleQueryServiceTestCase.init" finished-at="2018-04-22T17:59:10Z">
        </test-method>
      </class>
      <class name="org.b3log.solo.service.PageQueryServiceTestCase">
        <test-method status="PASS" signature="beforeClass()" name="beforeClass" is-config="true" duration-ms="31" started-at="2018-04-22T17:59:19Z" finished-at="2018-04-22T17:59:19Z">
        </test-method>
        <test-method status="PASS" signature="afterClass()" name="afterClass" is-config="true" duration-ms="0" started-at="2018-04-22T17:59:19Z" finished-at="2018-04-22T17:59:19Z">
        </test-method>
        <test-method status="PASS" signature="init()" name="init" duration-ms="481" started-at="2018-04-22T17:59:19Z" finished-at="2018-04-22T17:59:19Z">
        </test-method>
        <test-method status="PASS" signature="addPage()" name="addPage" duration-ms="55" started-at="2018-04-22T17:59:19Z" depends-on-methods="org.b3log.solo.service.PageQueryServiceTestCase.init" finished-at="2018-04-22T17:59:19Z">
        </test-method>
        <test-method status="PASS" signature="getPages()" name="getPages" duration-ms="1" started-at="2018-04-22T17:59:19Z" depends-on-methods="org.b3log.solo.service.PageQueryServiceTestCase.addPage" finished-at="2018-04-22T17:59:19Z">
        </test-method>
      </class>
      <class name="org.b3log.solo.service.PageMgmtServiceTestCase">
        <test-method status="PASS" signature="afterClass()" name="afterClass" is-config="true" duration-ms="0" started-at="2018-04-22T17:59:18Z" finished-at="2018-04-22T17:59:18Z">
        </test-method>
        <test-method status="PASS" signature="beforeClass()" name="beforeClass" is-config="true" duration-ms="44" started-at="2018-04-22T17:59:18Z" finished-at="2018-04-22T17:59:18Z">
        </test-method>
        <test-method status="PASS" signature="init()" name="init" duration-ms="489" started-at="2018-04-22T17:59:18Z" finished-at="2018-04-22T17:59:19Z">
        </test-method>
        <test-method status="PASS" signature="addPage()" name="addPage" duration-ms="60" started-at="2018-04-22T17:59:19Z" depends-on-methods="org.b3log.solo.service.PageMgmtServiceTestCase.init" finished-at="2018-04-22T17:59:19Z">
        </test-method>
        <test-method status="PASS" signature="changeOrder()" name="changeOrder" duration-ms="57" started-at="2018-04-22T17:59:19Z" depends-on-methods="org.b3log.solo.service.PageMgmtServiceTestCase.addPage" finished-at="2018-04-22T17:59:19Z">
        </test-method>
        <test-method status="PASS" signature="removePage()" name="removePage" duration-ms="57" started-at="2018-04-22T17:59:19Z" depends-on-methods="org.b3log.solo.service.PageMgmtServiceTestCase.init" finished-at="2018-04-22T17:59:19Z">
        </test-method>
        <test-method status="PASS" signature="updatePage()" name="updatePage" duration-ms="56" started-at="2018-04-22T17:59:19Z" depends-on-methods="org.b3log.solo.service.PageMgmtServiceTestCase.init" finished-at="2018-04-22T17:59:19Z">
        </test-method>
      </class>
      <class name="org.b3log.solo.service.OptionMgmtServiceTestCase">
        <test-method status="PASS" signature="afterClass()" name="afterClass" is-config="true" duration-ms="1" started-at="2018-04-22T17:59:22Z" finished-at="2018-04-22T17:59:22Z">
        </test-method>
        <test-method status="PASS" signature="beforeClass()" name="beforeClass" is-config="true" duration-ms="28" started-at="2018-04-22T17:59:22Z" finished-at="2018-04-22T17:59:22Z">
        </test-method>
        <test-method status="PASS" signature="add()" name="add" duration-ms="1" started-at="2018-04-22T17:59:22Z" finished-at="2018-04-22T17:59:22Z">
        </test-method>
        <test-method status="PASS" signature="remove()" name="remove" duration-ms="1" started-at="2018-04-22T17:59:22Z" finished-at="2018-04-22T17:59:22Z">
        </test-method>
        <test-method status="PASS" signature="update()" name="update" duration-ms="0" started-at="2018-04-22T17:59:22Z" finished-at="2018-04-22T17:59:22Z">
        </test-method>
      </class>
      <class name="org.b3log.solo.service.TagMgmtServiceTestCase">
        <test-method status="PASS" signature="afterClass()" name="afterClass" is-config="true" duration-ms="0" started-at="2018-04-22T17:59:20Z" finished-at="2018-04-22T17:59:20Z">
        </test-method>
        <test-method status="PASS" signature="beforeClass()" name="beforeClass" is-config="true" duration-ms="26" started-at="2018-04-22T17:59:20Z" finished-at="2018-04-22T17:59:20Z">
        </test-method>
        <test-method status="PASS" signature="init()" name="init" duration-ms="489" started-at="2018-04-22T17:59:20Z" finished-at="2018-04-22T17:59:21Z">
        </test-method>
        <test-method status="PASS" signature="removeUnusedTags()" name="removeUnusedTags" duration-ms="0" started-at="2018-04-22T17:59:21Z" depends-on-methods="org.b3log.solo.service.TagMgmtServiceTestCase.init" finished-at="2018-04-22T17:59:21Z">
        </test-method>
      </class>
      <class name="org.b3log.solo.service.CommentMgmtServiceTestCase">
        <test-method status="PASS" signature="beforeClass()" name="beforeClass" is-config="true" duration-ms="28" started-at="2018-04-22T17:59:11Z" finished-at="2018-04-22T17:59:12Z">
        </test-method>
        <test-method status="PASS" signature="afterClass()" name="afterClass" is-config="true" duration-ms="0" started-at="2018-04-22T17:59:11Z" finished-at="2018-04-22T17:59:11Z">
        </test-method>
        <test-method status="PASS" signature="init()" name="init" duration-ms="493" started-at="2018-04-22T17:59:12Z" finished-at="2018-04-22T17:59:12Z">
        </test-method>
        <test-method status="PASS" signature="addArticleComment()" name="addArticleComment" duration-ms="2072" started-at="2018-04-22T17:59:12Z" depends-on-methods="org.b3log.solo.service.CommentMgmtServiceTestCase.init" finished-at="2018-04-22T17:59:14Z">
        </test-method>
        <test-method status="PASS" signature="addPageComment()" name="addPageComment" duration-ms="2124" started-at="2018-04-22T17:59:14Z" depends-on-methods="org.b3log.solo.service.CommentMgmtServiceTestCase.addArticleComment" finished-at="2018-04-22T17:59:16Z">
        </test-method>
      </class>
      <class name="org.b3log.solo.service.LinkQueryServiceTestCase">
        <test-method status="PASS" signature="afterClass()" name="afterClass" is-config="true" duration-ms="0" started-at="2018-04-22T17:59:17Z" finished-at="2018-04-22T17:59:17Z">
        </test-method>
        <test-method status="PASS" signature="beforeClass()" name="beforeClass" is-config="true" duration-ms="36" started-at="2018-04-22T17:59:17Z" finished-at="2018-04-22T17:59:18Z">
        </test-method>
        <test-method status="PASS" signature="init()" name="init" duration-ms="494" started-at="2018-04-22T17:59:18Z" finished-at="2018-04-22T17:59:18Z">
        </test-method>
        <test-method status="PASS" signature="addLink()" name="addLink" duration-ms="56" started-at="2018-04-22T17:59:18Z" depends-on-methods="org.b3log.solo.service.LinkQueryServiceTestCase.init" finished-at="2018-04-22T17:59:18Z">
        </test-method>
        <test-method status="PASS" signature="getLinks()" name="getLinks" duration-ms="0" started-at="2018-04-22T17:59:18Z" depends-on-methods="org.b3log.solo.service.LinkQueryServiceTestCase.addLink" finished-at="2018-04-22T17:59:18Z">
        </test-method>
      </class>
      <class name="org.b3log.solo.service.PreferenceMgmtServiceTestCase">
        <test-method status="PASS" signature="afterClass()" name="afterClass" is-config="true" duration-ms="0" started-at="2018-04-22T17:59:19Z" finished-at="2018-04-22T17:59:19Z">
        </test-method>
        <test-method status="PASS" signature="beforeClass()" name="beforeClass" is-config="true" duration-ms="27" started-at="2018-04-22T17:59:19Z" finished-at="2018-04-22T17:59:19Z">
        </test-method>
        <test-method status="PASS" signature="init()" name="init" duration-ms="489" started-at="2018-04-22T17:59:19Z" finished-at="2018-04-22T17:59:20Z">
        </test-method>
        <test-method status="PASS" signature="updatePreference()" name="updatePreference" duration-ms="8" started-at="2018-04-22T17:59:20Z" depends-on-methods="org.b3log.solo.service.PreferenceMgmtServiceTestCase.init" finished-at="2018-04-22T17:59:20Z">
        </test-method>
        <test-method status="PASS" signature="updateReplyNotificationTemplate()" name="updateReplyNotificationTemplate" duration-ms="2" started-at="2018-04-22T17:59:20Z" depends-on-methods="org.b3log.solo.service.PreferenceMgmtServiceTestCase.init" finished-at="2018-04-22T17:59:20Z">
        </test-method>
      </class>
      <class name="org.b3log.solo.service.PreferenceQueryServiceTestCase">
        <test-method status="PASS" signature="afterClass()" name="afterClass" is-config="true" duration-ms="0" started-at="2018-04-22T17:59:20Z" finished-at="2018-04-22T17:59:20Z">
        </test-method>
        <test-method status="PASS" signature="beforeClass()" name="beforeClass" is-config="true" duration-ms="27" started-at="2018-04-22T17:59:20Z" finished-at="2018-04-22T17:59:20Z">
        </test-method>
        <test-method status="PASS" signature="init()" name="init" duration-ms="479" started-at="2018-04-22T17:59:20Z" finished-at="2018-04-22T17:59:20Z">
        </test-method>
        <test-method status="PASS" signature="getPreference()" name="getPreference" duration-ms="1" started-at="2018-04-22T17:59:20Z" depends-on-methods="org.b3log.solo.service.PreferenceQueryServiceTestCase.init" finished-at="2018-04-22T17:59:20Z">
        </test-method>
        <test-method status="PASS" signature="getReplyNotificationTemplate()" name="getReplyNotificationTemplate" duration-ms="0" started-at="2018-04-22T17:59:20Z" depends-on-methods="org.b3log.solo.service.PreferenceQueryServiceTestCase.init" finished-at="2018-04-22T17:59:20Z">
        </test-method>
      </class>
    </test>
  </suite>
  <suite name="repository" duration-ms="2634" started-at="2018-04-22T17:58:38Z" finished-at="2018-04-22T17:58:41Z">
    <groups>
    </groups>
    <test name="Surefire test" duration-ms="2634" started-at="2018-04-22T17:58:38Z" finished-at="2018-04-22T17:58:41Z">
      <class name="org.b3log.solo.repository.impl.ArchiveDateArticleRepositoryImplTestCase">
        <test-method status="PASS" signature="afterClass()" name="afterClass" is-config="true" duration-ms="68" started-at="2018-04-22T17:58:38Z" finished-at="2018-04-22T17:58:39Z">
        </test-method>
        <test-method status="PASS" signature="beforeClass()" name="beforeClass" is-config="true" duration-ms="730" started-at="2018-04-22T17:58:39Z" finished-at="2018-04-22T17:58:39Z">
        </test-method>
        <test-method status="PASS" signature="add()" name="add" duration-ms="84" started-at="2018-04-22T17:58:39Z" finished-at="2018-04-22T17:58:39Z">
        </test-method>
        <test-method status="PASS" signature="getByArchiveDateId()" name="getByArchiveDateId" duration-ms="2" started-at="2018-04-22T17:58:39Z" depends-on-methods="org.b3log.solo.repository.impl.ArchiveDateArticleRepositoryImplTestCase.add" finished-at="2018-04-22T17:58:39Z">
        </test-method>
        <test-method status="PASS" signature="getByArticleId()" name="getByArticleId" duration-ms="1" started-at="2018-04-22T17:58:39Z" depends-on-methods="org.b3log.solo.repository.impl.ArchiveDateArticleRepositoryImplTestCase.add" finished-at="2018-04-22T17:58:39Z">
        </test-method>
      </class>
      <class name="org.b3log.solo.repository.impl.PageRepositoryImplTestCase">
        <test-method status="PASS" signature="afterClass()" name="afterClass" is-config="true" duration-ms="0" started-at="2018-04-22T17:58:40Z" finished-at="2018-04-22T17:58:40Z">
        </test-method>
        <test-method status="PASS" signature="beforeClass()" name="beforeClass" is-config="true" duration-ms="57" started-at="2018-04-22T17:58:40Z" finished-at="2018-04-22T17:58:40Z">
        </test-method>
        <test-method status="PASS" signature="add()" name="add" duration-ms="58" started-at="2018-04-22T17:58:40Z" finished-at="2018-04-22T17:58:40Z">
        </test-method>
        <test-method status="PASS" signature="getByPermalink()" name="getByPermalink" duration-ms="1" started-at="2018-04-22T17:58:40Z" depends-on-methods="org.b3log.solo.repository.impl.PageRepositoryImplTestCase.add" finished-at="2018-04-22T17:58:40Z">
        </test-method>
        <test-method status="PASS" signature="getMaxOrder()" name="getMaxOrder" duration-ms="52" started-at="2018-04-22T17:58:40Z" depends-on-methods="org.b3log.solo.repository.impl.PageRepositoryImplTestCase.add" finished-at="2018-04-22T17:58:40Z">
        </test-method>
        <test-method status="PASS" signature="getByOrder()" name="getByOrder" duration-ms="1" started-at="2018-04-22T17:58:40Z" depends-on-methods="org.b3log.solo.repository.impl.PageRepositoryImplTestCase.add, org.b3log.solo.repository.impl.PageRepositoryImplTestCase.getMaxOrder" finished-at="2018-04-22T17:58:40Z">
        </test-method>
        <test-method status="PASS" signature="getUnderAndUpper()" name="getUnderAndUpper" duration-ms="57" started-at="2018-04-22T17:58:40Z" depends-on-methods="org.b3log.solo.repository.impl.PageRepositoryImplTestCase.add, org.b3log.solo.repository.impl.PageRepositoryImplTestCase.getMaxOrder" finished-at="2018-04-22T17:58:40Z">
        </test-method>
      </class>
      <class name="org.b3log.solo.repository.impl.PluginRepositoryImplTestCase">
        <test-method status="PASS" signature="beforeClass()" name="beforeClass" is-config="true" duration-ms="33" started-at="2018-04-22T17:58:41Z" finished-at="2018-04-22T17:58:41Z">
        </test-method>
        <test-method status="PASS" signature="afterClass()" name="afterClass" is-config="true" duration-ms="0" started-at="2018-04-22T17:58:41Z" finished-at="2018-04-22T17:58:41Z">
        </test-method>
        <test-method status="PASS" signature="test()" name="test" duration-ms="1" started-at="2018-04-22T17:58:41Z" finished-at="2018-04-22T17:58:41Z">
        </test-method>
      </class>
      <class name="org.b3log.solo.repository.impl.TagRepositoryImplTestCase">
        <test-method status="PASS" signature="afterClass()" name="afterClass" is-config="true" duration-ms="0" started-at="2018-04-22T17:58:40Z" finished-at="2018-04-22T17:58:40Z">
        </test-method>
        <test-method status="PASS" signature="beforeClass()" name="beforeClass" is-config="true" duration-ms="39" started-at="2018-04-22T17:58:40Z" finished-at="2018-04-22T17:58:40Z">
        </test-method>
        <test-method status="PASS" signature="add()" name="add" duration-ms="57" started-at="2018-04-22T17:58:40Z" finished-at="2018-04-22T17:58:40Z">
        </test-method>
        <test-method status="PASS" signature="getByArticleId()" name="getByArticleId" duration-ms="57" started-at="2018-04-22T17:58:40Z" depends-on-methods="org.b3log.solo.repository.impl.TagRepositoryImplTestCase.add" finished-at="2018-04-22T17:58:40Z">
        </test-method>
        <test-method status="PASS" signature="getByTitle()" name="getByTitle" duration-ms="1" started-at="2018-04-22T17:58:40Z" depends-on-methods="org.b3log.solo.repository.impl.TagRepositoryImplTestCase.add" finished-at="2018-04-22T17:58:40Z">
        </test-method>
        <test-method status="PASS" signature="getMostUsedTags()" name="getMostUsedTags" duration-ms="93" started-at="2018-04-22T17:58:40Z" depends-on-methods="org.b3log.solo.repository.impl.TagRepositoryImplTestCase.add" finished-at="2018-04-22T17:58:40Z">
        </test-method>
      </class>
      <class name="org.b3log.solo.repository.impl.ArticleRepositoryImplTestCase">
        <test-method status="PASS" signature="beforeClass()" name="beforeClass" is-config="true" duration-ms="50" started-at="2018-04-22T17:58:39Z" finished-at="2018-04-22T17:58:40Z">
        </test-method>
        <test-method status="PASS" signature="afterClass()" name="afterClass" is-config="true" duration-ms="0" started-at="2018-04-22T17:58:39Z" finished-at="2018-04-22T17:58:39Z">
        </test-method>
        <test-method status="PASS" signature="add()" name="add" duration-ms="66" started-at="2018-04-22T17:58:40Z" finished-at="2018-04-22T17:58:40Z">
        </test-method>
        <test-method status="PASS" signature="getByPermalink()" name="getByPermalink" duration-ms="1" started-at="2018-04-22T17:58:40Z" depends-on-methods="org.b3log.solo.repository.impl.ArticleRepositoryImplTestCase.add" finished-at="2018-04-22T17:58:40Z">
        </test-method>
        <test-method status="PASS" signature="previousAndNext()" name="previousAndNext" duration-ms="58" started-at="2018-04-22T17:58:40Z" depends-on-methods="org.b3log.solo.repository.impl.ArticleRepositoryImplTestCase.add" finished-at="2018-04-22T17:58:40Z">
        </test-method>
        <test-method status="PASS" signature="getMostCommentArticles()" name="getMostCommentArticles" duration-ms="57" started-at="2018-04-22T17:58:40Z" depends-on-methods="org.b3log.solo.repository.impl.ArticleRepositoryImplTestCase.add, org.b3log.solo.repository.impl.ArticleRepositoryImplTestCase.previousAndNext" finished-at="2018-04-22T17:58:40Z">
        </test-method>
        <test-method status="PASS" signature="getMostViewCountArticles()" name="getMostViewCountArticles" duration-ms="58" started-at="2018-04-22T17:58:40Z" depends-on-methods="org.b3log.solo.repository.impl.ArticleRepositoryImplTestCase.add, org.b3log.solo.repository.impl.ArticleRepositoryImplTestCase.previousAndNext, org.b3log.solo.repository.impl.ArticleRepositoryImplTestCase.getMostCommentArticles" finished-at="2018-04-22T17:58:40Z">
        </test-method>
        <test-method status="PASS" signature="getRandomly()" name="getRandomly" duration-ms="2" started-at="2018-04-22T17:58:40Z" depends-on-methods="org.b3log.solo.repository.impl.ArticleRepositoryImplTestCase.add, org.b3log.solo.repository.impl.ArticleRepositoryImplTestCase.getMostViewCountArticles, org.b3log.solo.repository.impl.ArticleRepositoryImplTestCase.previousAndNext, org.b3log.solo.repository.impl.ArticleRepositoryImplTestCase.getMostCommentArticles" finished-at="2018-04-22T17:58:40Z">
        </test-method>
        <test-method status="PASS" signature="getRecentArticles()" name="getRecentArticles" duration-ms="1" started-at="2018-04-22T17:58:40Z" depends-on-methods="org.b3log.solo.repository.impl.ArticleRepositoryImplTestCase.add, org.b3log.solo.repository.impl.ArticleRepositoryImplTestCase.getMostViewCountArticles, org.b3log.solo.repository.impl.ArticleRepositoryImplTestCase.previousAndNext, org.b3log.solo.repository.impl.ArticleRepositoryImplTestCase.getMostCommentArticles" finished-at="2018-04-22T17:58:40Z">
        </test-method>
        <test-method status="PASS" signature="isPublished()" name="isPublished" duration-ms="3" started-at="2018-04-22T17:58:40Z" depends-on-methods="org.b3log.solo.repository.impl.ArticleRepositoryImplTestCase.add, org.b3log.solo.repository.impl.ArticleRepositoryImplTestCase.getMostViewCountArticles" finished-at="2018-04-22T17:58:40Z">
        </test-method>
      </class>
      <class name="org.b3log.solo.repository.impl.LinkRepositoryImplTestCase">
        <test-method status="PASS" signature="afterClass()" name="afterClass" is-config="true" duration-ms="0" started-at="2018-04-22T17:58:41Z" finished-at="2018-04-22T17:58:41Z">
        </test-method>
        <test-method status="PASS" signature="beforeClass()" name="beforeClass" is-config="true" duration-ms="36" started-at="2018-04-22T17:58:41Z" finished-at="2018-04-22T17:58:41Z">
        </test-method>
        <test-method status="PASS" signature="test()" name="test" duration-ms="169" started-at="2018-04-22T17:58:41Z" finished-at="2018-04-22T17:58:41Z">
        </test-method>
      </class>
      <class name="org.b3log.solo.repository.impl.CommentRepositoryImplTestCase">
        <test-method status="PASS" signature="afterClass()" name="afterClass" is-config="true" duration-ms="1" started-at="2018-04-22T17:58:41Z" finished-at="2018-04-22T17:58:41Z">
        </test-method>
        <test-method status="PASS" signature="beforeClass()" name="beforeClass" is-config="true" duration-ms="36" started-at="2018-04-22T17:58:41Z" finished-at="2018-04-22T17:58:41Z">
        </test-method>
        <test-method status="PASS" signature="add()" name="add" duration-ms="55" started-at="2018-04-22T17:58:41Z" finished-at="2018-04-22T17:58:41Z">
        </test-method>
      </class>
      <class name="org.b3log.solo.repository.impl.UserRepositoryImplTestCase">
        <test-method status="PASS" signature="afterClass()" name="afterClass" is-config="true" duration-ms="0" started-at="2018-04-22T17:58:41Z" finished-at="2018-04-22T17:58:41Z">
        </test-method>
        <test-method status="PASS" signature="beforeClass()" name="beforeClass" is-config="true" duration-ms="33" started-at="2018-04-22T17:58:41Z" finished-at="2018-04-22T17:58:41Z">
        </test-method>
        <test-method status="PASS" signature="test()" name="test" duration-ms="113" started-at="2018-04-22T17:58:41Z" finished-at="2018-04-22T17:58:41Z">
        </test-method>
      </class>
      <class name="org.b3log.solo.repository.impl.ArchiveDateRepositoryImplTestCase">
        <test-method status="PASS" signature="beforeClass()" name="beforeClass" is-config="true" duration-ms="66" started-at="2018-04-22T17:58:39Z" finished-at="2018-04-22T17:58:39Z">
        </test-method>
        <test-method status="PASS" signature="afterClass()" name="afterClass" is-config="true" duration-ms="0" started-at="2018-04-22T17:58:39Z" finished-at="2018-04-22T17:58:39Z">
        </test-method>
        <test-method status="PASS" signature="add()" name="add" duration-ms="60" started-at="2018-04-22T17:58:39Z" finished-at="2018-04-22T17:58:39Z">
        </test-method>
        <test-method status="PASS" signature="getByArchiveDate()" name="getByArchiveDate" duration-ms="1" started-at="2018-04-22T17:58:39Z" depends-on-methods="org.b3log.solo.repository.impl.ArchiveDateRepositoryImplTestCase.add" finished-at="2018-04-22T17:58:39Z">
        </test-method>
      </class>
      <class name="org.b3log.solo.repository.impl.TagArticleRepositoryImplTestCase">
        <test-method status="PASS" signature="afterClass()" name="afterClass" is-config="true" duration-ms="0" started-at="2018-04-22T17:58:40Z" finished-at="2018-04-22T17:58:40Z">
        </test-method>
        <test-method status="PASS" signature="beforeClass()" name="beforeClass" is-config="true" duration-ms="52" started-at="2018-04-22T17:58:40Z" finished-at="2018-04-22T17:58:40Z">
        </test-method>
        <test-method status="PASS" signature="add()" name="add" duration-ms="57" started-at="2018-04-22T17:58:40Z" finished-at="2018-04-22T17:58:40Z">
        </test-method>
        <test-method status="PASS" signature="getByArticleId()" name="getByArticleId" duration-ms="1" started-at="2018-04-22T17:58:40Z" depends-on-methods="org.b3log.solo.repository.impl.TagArticleRepositoryImplTestCase.add" finished-at="2018-04-22T17:58:40Z">
        </test-method>
        <test-method status="PASS" signature="getByTagId()" name="getByTagId" duration-ms="1" started-at="2018-04-22T17:58:40Z" depends-on-methods="org.b3log.solo.repository.impl.TagArticleRepositoryImplTestCase.add" finished-at="2018-04-22T17:58:40Z">
        </test-method>
      </class>
      <class name="org.b3log.solo.repository.impl.OptionRepositoryImplTestCase">
        <test-method status="PASS" signature="beforeClass()" name="beforeClass" is-config="true" duration-ms="42" started-at="2018-04-22T17:58:41Z" finished-at="2018-04-22T17:58:41Z">
        </test-method>
        <test-method status="PASS" signature="afterClass()" name="afterClass" is-config="true" duration-ms="0" started-at="2018-04-22T17:58:41Z" finished-at="2018-04-22T17:58:41Z">
        </test-method>
        <test-method status="PASS" signature="test()" name="test" duration-ms="1" started-at="2018-04-22T17:58:41Z" finished-at="2018-04-22T17:58:41Z">
        </test-method>
      </class>
      <class name="org.b3log.solo.repository.impl.CategoryRepositoryImplTestCase">
        <test-method status="PASS" signature="beforeClass()" name="beforeClass" is-config="true" duration-ms="38" started-at="2018-04-22T17:58:40Z" finished-at="2018-04-22T17:58:40Z">
        </test-method>
        <test-method status="PASS" signature="afterClass()" name="afterClass" is-config="true" duration-ms="0" started-at="2018-04-22T17:58:40Z" finished-at="2018-04-22T17:58:40Z">
        </test-method>
        <test-method status="PASS" signature="test()" name="test" duration-ms="163" started-at="2018-04-22T17:58:40Z" finished-at="2018-04-22T17:58:41Z">
        </test-method>
      </class>
    </test>
  </suite>
  <suite name="api" duration-ms="819" started-at="2018-04-22T17:59:07Z" finished-at="2018-04-22T17:59:08Z">
    <groups>
    </groups>
    <test name="Surefire test" duration-ms="819" started-at="2018-04-22T17:59:07Z" finished-at="2018-04-22T17:59:08Z">
      <class name="org.b3log.solo.processor.MetaWeblogAPITestCase">
        <test-method status="PASS" signature="afterClass()" name="afterClass" is-config="true" duration-ms="1" started-at="2018-04-22T17:59:07Z" finished-at="2018-04-22T17:59:07Z">
        </test-method>
        <test-method status="PASS" signature="beforeClass()" name="beforeClass" is-config="true" duration-ms="38" started-at="2018-04-22T17:59:07Z" finished-at="2018-04-22T17:59:07Z">
        </test-method>
        <test-method status="PASS" signature="init()" name="init" duration-ms="500" started-at="2018-04-22T17:59:07Z" finished-at="2018-04-22T17:59:07Z">
        </test-method>
        <test-method status="PASS" signature="metaWeblog()" name="metaWeblog" duration-ms="280" started-at="2018-04-22T17:59:07Z" depends-on-methods="org.b3log.solo.processor.MetaWeblogAPITestCase.init" finished-at="2018-04-22T17:59:08Z">
        </test-method>
      </class>
    </test>
  </suite>
</testng-results>
