<?xml version="1.0" encoding="UTF-8"?>
<testsuite hostname="taoyunkundeMacBook-Pro.local" name="org.b3log.solo.repository.impl.ArchiveDateArticleRepositoryImplTestCase" tests="31" failures="0" timestamp="22 Apr 2018 09:58:41 GMT" time="2.634" errors="0">
  <testcase name="add" time="0.084" classname="org.b3log.solo.repository.impl.ArchiveDateArticleRepositoryImplTestCase"/>
  <testcase name="getByArchiveDateId" time="0.002" classname="org.b3log.solo.repository.impl.ArchiveDateArticleRepositoryImplTestCase"/>
  <testcase name="getByArticleId" time="0.001" classname="org.b3log.solo.repository.impl.ArchiveDateArticleRepositoryImplTestCase"/>
  <testcase name="add" time="0.06" classname="org.b3log.solo.repository.impl.ArchiveDateRepositoryImplTestCase"/>
  <testcase name="getByArchiveDate" time="0.001" classname="org.b3log.solo.repository.impl.ArchiveDateRepositoryImplTestCase"/>
  <testcase name="add" time="0.066" classname="org.b3log.solo.repository.impl.ArticleRepositoryImplTestCase"/>
  <testcase name="getByPermalink" time="0.001" classname="org.b3log.solo.repository.impl.ArticleRepositoryImplTestCase"/>
  <testcase name="previousAndNext" time="0.058" classname="org.b3log.solo.repository.impl.ArticleRepositoryImplTestCase"/>
  <testcase name="getMostCommentArticles" time="0.057" classname="org.b3log.solo.repository.impl.ArticleRepositoryImplTestCase"/>
  <testcase name="getMostViewCountArticles" time="0.058" classname="org.b3log.solo.repository.impl.ArticleRepositoryImplTestCase"/>
  <testcase name="getRandomly" time="0.002" classname="org.b3log.solo.repository.impl.ArticleRepositoryImplTestCase"/>
  <testcase name="getRecentArticles" time="0.001" classname="org.b3log.solo.repository.impl.ArticleRepositoryImplTestCase"/>
  <testcase name="isPublished" time="0.003" classname="org.b3log.solo.repository.impl.ArticleRepositoryImplTestCase"/>
  <testcase name="add" time="0.058" classname="org.b3log.solo.repository.impl.PageRepositoryImplTestCase"/>
  <testcase name="getByPermalink" time="0.001" classname="org.b3log.solo.repository.impl.PageRepositoryImplTestCase"/>
  <testcase name="getMaxOrder" time="0.052" classname="org.b3log.solo.repository.impl.PageRepositoryImplTestCase"/>
  <testcase name="getByOrder" time="0.001" classname="org.b3log.solo.repository.impl.PageRepositoryImplTestCase"/>
  <testcase name="getUnderAndUpper" time="0.057" classname="org.b3log.solo.repository.impl.PageRepositoryImplTestCase"/>
  <testcase name="add" time="0.057" classname="org.b3log.solo.repository.impl.TagArticleRepositoryImplTestCase"/>
  <testcase name="getByArticleId" time="0.001" classname="org.b3log.solo.repository.impl.TagArticleRepositoryImplTestCase"/>
  <testcase name="getByTagId" time="0.001" classname="org.b3log.solo.repository.impl.TagArticleRepositoryImplTestCase"/>
  <testcase name="add" time="0.057" classname="org.b3log.solo.repository.impl.TagRepositoryImplTestCase"/>
  <testcase name="getByArticleId" time="0.057" classname="org.b3log.solo.repository.impl.TagRepositoryImplTestCase"/>
  <testcase name="getByTitle" time="0.001" classname="org.b3log.solo.repository.impl.TagRepositoryImplTestCase"/>
  <testcase name="getMostUsedTags" time="0.093" classname="org.b3log.solo.repository.impl.TagRepositoryImplTestCase"/>
  <testcase name="test" time="0.163" classname="org.b3log.solo.repository.impl.CategoryRepositoryImplTestCase"/>
  <testcase name="add" time="0.055" classname="org.b3log.solo.repository.impl.CommentRepositoryImplTestCase"/>
  <testcase name="test" time="0.169" classname="org.b3log.solo.repository.impl.LinkRepositoryImplTestCase"/>
  <testcase name="test" time="0.001" classname="org.b3log.solo.repository.impl.OptionRepositoryImplTestCase"/>
  <testcase name="test" time="0.001" classname="org.b3log.solo.repository.impl.PluginRepositoryImplTestCase"/>
  <testcase name="test" time="0.113" classname="org.b3log.solo.repository.impl.UserRepositoryImplTestCase"/>
</testsuite>
